\BOOKMARK [1][-]{section.1}{\376\377\000I\000n\000t\000r\000o\000d\000u\000c\000t\000i\000o\000n}{}% 1
\BOOKMARK [1][-]{section.2}{\376\377\000R\000e\000l\000a\000t\000e\000d\000\040\000w\000o\000r\000k}{}% 2
\BOOKMARK [1][-]{section.3}{\376\377\000T\000h\000e\000\040\000D\000R\000-\000A\000r\000e\000n\000a\000-\000D\000e\000e\000p\000\040\000b\000e\000n\000c\000h\000m\000a\000r\000k}{}% 3
\BOOKMARK [2][-]{subsection.3.1}{\376\377\000D\000e\000s\000i\000g\000n\000\040\000p\000r\000i\000n\000c\000i\000p\000l\000e\000s}{section.3}% 4
\BOOKMARK [2][-]{subsection.3.2}{\376\377\000T\000h\000r\000e\000e\000-\000d\000i\000m\000e\000n\000s\000i\000o\000n\000a\000l\000\040\000t\000a\000s\000k\000\040\000t\000e\000m\000p\000l\000a\000t\000e}{section.3}% 5
\BOOKMARK [2][-]{subsection.3.3}{\376\377\000T\000a\000s\000k\000\040\000g\000e\000n\000e\000r\000a\000t\000i\000o\000n\000\040\000p\000r\000o\000t\000o\000c\000o\000l}{section.3}% 6
\BOOKMARK [2][-]{subsection.3.4}{\376\377\000I\000n\000i\000t\000i\000a\000l\000\040\000r\000e\000l\000e\000a\000s\000e\000\040\000\050\000v\0001\000\051}{section.3}% 7
\BOOKMARK [1][-]{section.4}{\376\377\000E\000v\000a\000l\000u\000a\000t\000i\000o\000n\000\040\000f\000r\000a\000m\000e\000w\000o\000r\000k}{}% 8
\BOOKMARK [2][-]{subsection.4.1}{\376\377\000U\000R\000L\000\040\000r\000e\000a\000c\000h\000a\000b\000i\000l\000i\000t\000y\000\040\000v\000e\000r\000i\000f\000i\000e\000r}{section.4}% 9
\BOOKMARK [2][-]{subsection.4.2}{\376\377\000U\000R\000L\000\040\000c\000o\000v\000e\000r\000a\000g\000e\000\040\000v\000e\000r\000i\000f\000i\000e\000r}{section.4}% 10
\BOOKMARK [2][-]{subsection.4.3}{\376\377\000Q\000u\000o\000t\000e\000-\000m\000a\000t\000c\000h\000\040\000v\000e\000r\000i\000f\000i\000e\000r\000\040\000\050\000L\000a\000y\000e\000r\000\040\0002\000\051}{section.4}% 11
\BOOKMARK [2][-]{subsection.4.4}{\376\377\000C\000l\000a\000i\000m\000-\000N\000L\000I\000\040\000v\000e\000r\000i\000f\000i\000e\000r\000\040\000\050\000L\000a\000y\000e\000r\000\040\0003\000\051}{section.4}% 12
\BOOKMARK [2][-]{subsection.4.5}{\376\377\000L\000L\000M\000-\000j\000u\000d\000g\000e\000\040\000c\000h\000e\000c\000k\000l\000i\000s\000t}{section.4}% 13
\BOOKMARK [2][-]{subsection.4.6}{\376\377\000M\000a\000r\000k\000d\000o\000w\000n\000-\000s\000p\000e\000c\000\040\000c\000h\000e\000c\000k\000s}{section.4}% 14
\BOOKMARK [2][-]{subsection.4.7}{\376\377\000T\000r\000u\000t\000h\000f\000u\000l\000n\000e\000s\000s\000-\000f\000i\000r\000s\000t\000\040\000c\000o\000m\000p\000o\000s\000i\000t\000e\000\040\000\050\0003\000-\000l\000a\000y\000e\000r\000\051}{section.4}% 15
\BOOKMARK [1][-]{section.5}{\376\377\000E\000x\000p\000e\000r\000i\000m\000e\000n\000t\000s}{}% 16
\BOOKMARK [2][-]{subsection.5.1}{\376\377\000S\000e\000t\000u\000p}{section.5}% 17
\BOOKMARK [2][-]{subsection.5.2}{\376\377\000A\000g\000e\000n\000t\000s\000\040\000e\000v\000a\000l\000u\000a\000t\000e\000d}{section.5}% 18
\BOOKMARK [2][-]{subsection.5.3}{\376\377\000T\000a\000s\000k}{section.5}% 19
\BOOKMARK [1][-]{section.6}{\376\377\000R\000e\000s\000u\000l\000t\000s}{}% 20
\BOOKMARK [2][-]{subsection.6.1}{\376\377\000L\000e\000a\000d\000e\000r\000b\000o\000a\000r\000d}{section.6}% 21
\BOOKMARK [2][-]{subsection.6.2}{\376\377\000F\0005\000\040\040\024\000\040\000L\000L\000M\000\040\000j\000u\000d\000g\000e\000\040\000c\000a\000n\000n\000o\000t\000\040\000d\000e\000t\000e\000c\000t\000\040\000U\000R\000L\000\040\000f\000a\000b\000r\000i\000c\000a\000t\000i\000o\000n}{section.6}% 22
\BOOKMARK [2][-]{subsection.6.3}{\376\377\000F\0006\000\040\040\024\000\040\000Q\000u\000a\000n\000t\000i\000t\000y\000/\000t\000r\000u\000t\000h\000f\000u\000l\000n\000e\000s\000s\000\040\000r\000a\000n\000k\000i\000n\000g\000\040\000i\000n\000v\000e\000r\000s\000i\000o\000n}{section.6}% 23
\BOOKMARK [1][-]{section.7}{\376\377\000D\000i\000s\000c\000u\000s\000s\000i\000o\000n}{}% 24
\BOOKMARK [1][-]{section.8}{\376\377\000L\000i\000m\000i\000t\000a\000t\000i\000o\000n\000s}{}% 25
\BOOKMARK [1][-]{section.9}{\376\377\000C\000o\000n\000c\000l\000u\000s\000i\000o\000n}{}% 26
\BOOKMARK [1][-]{appendix.A}{\376\377\000R\000e\000p\000r\000o\000d\000u\000c\000i\000b\000i\000l\000i\000t\000y\000\040\000c\000h\000e\000c\000k\000l\000i\000s\000t}{}% 27
