\BOOKMARK [1][-]{section.1}{\376\377\176\352\213\272}{}% 1
\BOOKMARK [2][-]{subsection.1.1}{\376\377\170\024\172\166\200\314\146\157\116\016\122\250\147\072}{section.1}% 2
\BOOKMARK [2][-]{subsection.1.2}{\376\377\163\260\147\011\135\345\117\134\116\016\116\015\215\263}{section.1}% 3
\BOOKMARK [2][-]{subsection.1.3}{\376\377\147\054\145\207\215\041\163\056}{section.1}% 4
\BOOKMARK [2][-]{subsection.1.4}{\376\377\213\272\145\207\176\304\176\307\176\323\147\204}{section.1}% 5
\BOOKMARK [1][-]{section.2}{\376\377\174\373\176\337\140\073\117\123\213\276\213\241}{}% 6
\BOOKMARK [2][-]{subsection.2.1}{\376\377\174\373\176\337\147\266\147\204\140\073\211\310}{section.2}% 7
\BOOKMARK [2][-]{subsection.2.2}{\376\377\154\231\166\322\147\015\122\241\213\276\213\241}{section.2}% 8
\BOOKMARK [3][-]{subsubsection.2.2.1}{\376\377\000M\000a\000g\000e\000n\000t\000o\000\040\000\050\000s\000h\000o\000p\000p\000i\000n\000g\000,\000\040\000l\000o\000c\000a\000l\000h\000o\000s\000t\000:\0007\0007\0007\0000\000\051}{subsection.2.2}% 9
\BOOKMARK [3][-]{subsubsection.2.2.2}{\376\377\000P\000o\000s\000t\000m\000i\000l\000l\000\040\000\050\000r\000e\000d\000d\000i\000t\000,\000\040\000l\000o\000c\000a\000l\000h\000o\000s\000t\000:\0009\0009\0009\0009\000\051}{subsection.2.2}% 10
\BOOKMARK [3][-]{subsubsection.2.2.3}{\376\377\000K\000i\000w\000i\000x\000\040\000\050\000W\000i\000k\000i\000p\000e\000d\000i\000a\000,\000\040\000l\000o\000c\000a\000l\000h\000o\000s\000t\000:\0008\0000\0009\0000\000\051}{subsection.2.2}% 11
\BOOKMARK [3][-]{subsubsection.2.2.4}{\376\377\144\034\175\042\000\040\000s\000h\000i\000m\000\040\000\050\000l\000o\000c\000a\000l\000h\000o\000s\000t\000:\0008\0000\0008\0001\000\051}{subsection.2.2}% 12
\BOOKMARK [3][-]{subsubsection.2.2.5}{\376\377\000D\000S\000\040\000p\000r\000o\000x\000y\000\040\000\050\000l\000o\000c\000a\000l\000h\000o\000s\000t\000:\0008\0000\0008\0008\000\051}{subsection.2.2}% 13
\BOOKMARK [2][-]{subsection.2.3}{\376\377\116\373\122\241\213\276\213\241}{section.2}% 14
\BOOKMARK [1][-]{section.3}{\376\377\0001\0003\000\040\116\052\137\000\156\220\000\040\000D\000R\000\040\150\106\147\266\220\002\221\115}{}% 15
\BOOKMARK [2][-]{subsection.3.1}{\376\377\220\002\221\115\203\003\137\017}{section.3}% 16
\BOOKMARK [2][-]{subsection.3.2}{\376\377\000c\000a\000m\000e\000l\000-\000a\000i\000\040\000\050\000i\000n\000-\000p\000r\000o\000c\000e\000s\000s\000\051}{section.3}% 17
\BOOKMARK [2][-]{subsection.3.3}{\376\377\000s\000m\000o\000l\000a\000g\000e\000n\000t\000s\000\040\000\050\000i\000n\000-\000p\000r\000o\000c\000e\000s\000s\000\051}{section.3}% 18
\BOOKMARK [2][-]{subsection.3.4}{\376\377\000g\000p\000t\000-\000r\000e\000s\000e\000a\000r\000c\000h\000e\000r\000\040\000\050\000s\000u\000b\000p\000r\000o\000c\000e\000s\000s\000\040\000v\000i\000a\000\040\000c\000l\000e\000a\000n\000\040\000r\000u\000n\000n\000e\000r\000\051}{section.3}% 19
\BOOKMARK [2][-]{subsection.3.5}{\376\377\000l\000a\000n\000g\000c\000h\000a\000i\000n\000-\000o\000p\000e\000n\000\137\000d\000e\000e\000p\000\137\000r\000e\000s\000e\000a\000r\000c\000h\000\040\000\050\000i\000n\000-\000p\000r\000o\000c\000e\000s\000s\000\051}{section.3}% 20
\BOOKMARK [2][-]{subsection.3.6}{\376\377\000i\000i\000-\000r\000e\000s\000e\000a\000r\000c\000h\000e\000r\000\040\000\050\000s\000u\000b\000p\000r\000o\000c\000e\000s\000s\000\051}{section.3}% 21
\BOOKMARK [2][-]{subsection.3.7}{\376\377\000d\000z\000h\000n\000g\000\040\000\050\000s\000u\000b\000p\000r\000o\000c\000e\000s\000s\000\040\000v\000i\000a\000\040\000N\000o\000d\000e\000\040\000H\000T\000T\000P\000\040\000A\000P\000I\000\051}{section.3}% 22
\BOOKMARK [2][-]{subsection.3.8}{\376\377\000f\000l\000o\000w\000s\000e\000a\000r\000c\000h\000e\000r\000-\000d\000s\000\040\000\050\000i\000n\000-\000p\000r\000o\000c\000e\000s\000s\000,\000\040\201\352\170\024\000\051}{section.3}% 23
\BOOKMARK [2][-]{subsection.3.9}{\376\377\000d\000e\000e\000r\000f\000l\000o\000w\000\040\000\050\000s\000u\000b\000p\000r\000o\000c\000e\000s\000s\000\040\000v\000i\000a\000\040\000c\000l\000e\000a\000n\000\040\000r\000u\000n\000n\000e\000r\000\051}{section.3}% 24
\BOOKMARK [2][-]{subsection.3.10}{\376\377\000l\000d\000r\000\040\000\050\000s\000u\000b\000p\000r\000o\000c\000e\000s\000s\000\040\000v\000i\000a\000\040\000c\000l\000e\000a\000n\000\040\000r\000u\000n\000n\000e\000r\000\051}{section.3}% 25
\BOOKMARK [2][-]{subsection.3.11}{\376\377\000q\000x\000-\000a\000g\000e\000n\000t\000s\000\040\000\050\000s\000u\000b\000p\000r\000o\000c\000e\000s\000s\000\040\000v\000i\000a\000\040\000c\000l\000e\000a\000n\000\040\000r\000u\000n\000n\000e\000r\000\051}{section.3}% 26
\BOOKMARK [2][-]{subsection.3.12}{\376\377\000t\000o\000n\000g\000y\000i\000-\000d\000r\000\040\000\050\000s\000u\000b\000p\000r\000o\000c\000e\000s\000s\000\040\000v\000i\000a\000\040\000c\000l\000e\000a\000n\000\040\000r\000u\000n\000n\000e\000r\000\051}{section.3}% 27
\BOOKMARK [2][-]{subsection.3.13}{\376\377\000d\000e\000e\000p\000a\000g\000e\000n\000t\000s\000\040\000\050\000s\000u\000b\000p\000r\000o\000c\000e\000s\000s\000\040\000v\000i\000a\000\040\000c\000l\000e\000a\000n\000\040\000r\000u\000n\000n\000e\000r\000\051}{section.3}% 28
\BOOKMARK [2][-]{subsection.3.14}{\376\377\000s\000t\000o\000r\000m\000\040\000+\000\040\000c\000o\000-\000s\000t\000o\000r\000m\000\040\000\050\000s\000u\000b\000p\000r\000o\000c\000e\000s\000s\000\040\000v\000i\000a\000\040\000c\000l\000e\000a\000n\000\040\000r\000u\000n\000n\000e\000r\000\051}{section.3}% 29
\BOOKMARK [2][-]{subsection.3.15}{\376\377\150\106\147\266\154\107\140\073}{section.3}% 30
\BOOKMARK [1][-]{section.4}{\376\377\213\304\122\006\117\123\174\373\213\276\213\241}{}% 31
\BOOKMARK [2][-]{subsection.4.1}{\376\377\116\003\176\364\213\304\122\006\151\202\211\310}{section.4}% 32
\BOOKMARK [2][-]{subsection.4.2}{\376\377\000u\000r\000l\000\137\000c\000o\000v\000e\000r\000a\000g\000e}{section.4}% 33
\BOOKMARK [2][-]{subsection.4.3}{\376\377\000u\000r\000l\000\137\000r\000e\000a\000c\000h\000a\000b\000i\000l\000i\000t\000y}{section.4}% 34
\BOOKMARK [2][-]{subsection.4.4}{\376\377\000q\000u\000o\000t\000e\000\137\000m\000a\000t\000c\000h}{section.4}% 35
\BOOKMARK [2][-]{subsection.4.5}{\376\377\000c\000l\000a\000i\000m\000\137\000n\000l\000i}{section.4}% 36
\BOOKMARK [2][-]{subsection.4.6}{\376\377\000c\000h\000e\000c\000k\000l\000i\000s\000t}{section.4}% 37
\BOOKMARK [2][-]{subsection.4.7}{\376\377\000c\000i\000t\000a\000t\000i\000o\000n\000\137\000a\000l\000i\000g\000n\000m\000e\000n\000t}{section.4}% 38
\BOOKMARK [2][-]{subsection.4.8}{\376\377\000a\000n\000a\000l\000y\000s\000i\000s\000\137\000d\000e\000p\000t\000h\000\040\116\016\000\040\000p\000r\000e\000s\000e\000n\000t\000a\000t\000i\000o\000n}{section.4}% 39
\BOOKMARK [2][-]{subsection.4.9}{\376\377\131\015\124\010\122\006\145\160\000\040\000c\000o\000m\000p\000o\000s\000i\000t\000e\000\137\000v\0001\000\040\000/\000\040\000v\0002\000\040\000/\000\040\000v\0003\000\040\166\204\143\250\133\374}{section.4}% 40
\BOOKMARK [1][-]{section.5}{\376\377\143\222\124\015\145\271\154\325\133\146}{}% 41
\BOOKMARK [2][-]{subsection.5.1}{\376\377\000B\000r\000a\000d\000l\000e\000y\000-\000T\000e\000r\000r\000y\000\040\152\041\127\213}{section.5}% 42
\BOOKMARK [2][-]{subsection.5.2}{\376\377\000B\000o\000o\000t\000s\000t\000r\000a\000p\000\040\177\156\117\341\123\072\225\364}{section.5}% 43
\BOOKMARK [2][-]{subsection.5.3}{\376\377\177\156\143\142\000\040\000p\000\040\120\074\146\076\204\127\140\047\150\300\232\214}{section.5}% 44
\BOOKMARK [2][-]{subsection.5.4}{\376\377\220\000\123\026\150\067\147\054\217\307\156\344\211\304\122\031}{section.5}% 45
\BOOKMARK [1][-]{section.6}{\376\377\133\236\232\214\176\323\147\234}{}% 46
\BOOKMARK [2][-]{subsection.6.1}{\376\377\133\236\232\214\213\276\177\156}{section.6}% 47
\BOOKMARK [2][-]{subsection.6.2}{\376\377\147\000\176\310\143\222\210\114\151\234\000\040\000\050\000c\000o\000m\000p\000o\000s\000i\000t\000e\000\137\000v\0002\000\137\000t\000r\000u\000t\000h\000f\000u\000l\000\051}{section.6}% 48
\BOOKMARK [2][-]{subsection.6.3}{\376\377\166\370\220\273\124\015\153\041\146\076\204\127\140\047}{section.6}% 49
\BOOKMARK [2][-]{subsection.6.4}{\376\377\121\163\225\056\123\321\163\260}{section.6}% 50
\BOOKMARK [3][-]{subsubsection.6.4.1}{\376\377\167\037\133\236\140\047\225\350\123\315\217\154\147\064\175\040\143\222\124\015\000\040\000\050\000t\000r\000u\000t\000h\000-\000g\000a\000t\000e\000\040\000i\000n\000v\000e\000r\000s\000i\000o\000n\000\051}{subsection.6.4}% 51
\BOOKMARK [3][-]{subsubsection.6.4.2}{\376\377\131\032\146\172\200\375\117\123\123\117\117\134\147\266\147\204\127\050\147\054\154\231\166\322\116\012\123\140\117\030}{subsection.6.4}% 52
\BOOKMARK [3][-]{subsubsection.6.4.3}{\376\377\171\076\123\072\160\355\136\246\000\040\000v\000s\000\040\133\236\155\113\143\222\124\015\122\006\153\147}{subsection.6.4}% 53
\BOOKMARK [3][-]{subsubsection.6.4.4}{\376\377\150\106\147\266\176\247\131\061\215\045\152\041\137\017}{subsection.6.4}% 54
\BOOKMARK [1][-]{section.7}{\376\377\213\250\213\272}{}% 55
\BOOKMARK [2][-]{subsection.7.1}{\376\377\135\345\117\134\166\204\134\100\226\120\140\047}{section.7}% 56
\BOOKMARK [2][-]{subsection.7.2}{\376\377\135\345\172\013\133\236\163\260\211\201\160\271}{section.7}% 57
\BOOKMARK [2][-]{subsection.7.3}{\376\377\121\154\136\163\140\047\133\241\213\241}{section.7}% 58
\BOOKMARK [1][-]{section.8}{\376\377\140\073\176\323\116\016\134\125\147\033}{}% 59
\BOOKMARK [2][-]{subsection.8.1}{\376\377\135\345\117\134\140\073\176\323}{section.8}% 60
\BOOKMARK [2][-]{subsection.8.2}{\376\377\147\052\147\145\170\024\172\166\145\271\124\021}{section.8}% 61
\BOOKMARK [1][-]{appendix.A}{\376\377\131\015\163\260\124\175\116\344}{}% 62
\BOOKMARK [1][-]{appendix.B}{\376\377\147\057\213\355\210\150}{}% 63
